[22:56:48] [Render thread/INFO]: Environment: authHost='https://authserver.mojang.com', accountsHost='https://api.mojang.com', sessionHost='https://sessionserver.mojang.com', servicesHost='https://api.minecraftservices.com', name='PROD'
[22:56:54] [Render thread/ERROR]: Failed to verify authentication
com.mojang.authlib.exceptions.AuthenticationUnavailableException: Cannot contact authentication server
	at com.mojang.authlib.yggdrasil.YggdrasilAuthenticationService.makeRequest(YggdrasilAuthenticationService.java:125) ~[authlib-2.1.28.jar:?]
	at com.mojang.authlib.yggdrasil.YggdrasilSocialInteractionsService.checkPrivileges(YggdrasilSocialInteractionsService.java:94) ~[authlib-2.1.28.jar:?]
	at com.mojang.authlib.yggdrasil.YggdrasilSocialInteractionsService.<init>(YggdrasilSocialInteractionsService.java:40) ~[authlib-2.1.28.jar:?]
	at com.mojang.authlib.yggdrasil.YggdrasilAuthenticationService.createSocialInteractionsService(YggdrasilAuthenticationService.java:152) ~[authlib-2.1.28.jar:?]
	at djz.a(SourceFile:625) [1.16.5.jar:?]
	at djz.<init>(SourceFile:409) [1.16.5.jar:?]
	at net.minecraft.client.main.Main.main(SourceFile:177) [1.16.5.jar:?]
Caused by: java.io.IOException: Server returned HTTP response code: 401 for URL: https://api.minecraftservices.com/privileges
	at sun.net.www.protocol.http.HttpURLConnection.getInputStream0(Unknown Source) ~[?:1.8.0_202]
	at sun.net.www.protocol.http.HttpURLConnection.getInputStream(Unknown Source) ~[?:1.8.0_202]
	at sun.net.www.protocol.https.HttpsURLConnectionImpl.getInputStream(Unknown Source) ~[?:1.8.0_202]
	at com.mojang.authlib.HttpAuthenticationService.performGetRequest(HttpAuthenticationService.java:140) ~[authlib-2.1.28.jar:?]
	at com.mojang.authlib.yggdrasil.YggdrasilAuthenticationService.makeRequest(YggdrasilAuthenticationService.java:104) ~[authlib-2.1.28.jar:?]
	... 6 more
[22:56:54] [Render thread/INFO]: Setting user: Steve
[22:56:55] [Render thread/INFO]: Backend library: LWJGL version 3.2.2 build 10
[22:57:00] [Render thread/INFO]: Narrator library for x64 successfully loaded
[22:57:01] [Render thread/INFO]: Reloading ResourceManager: Default
[22:57:02] [Realms Notification Availability checker #1/INFO]: Could not authorize you against Realms server: Invalid session id
[22:57:11] [Render thread/INFO]: OpenAL initialized.
[22:57:11] [Render thread/INFO]: Sound engine started
[22:57:13] [Render thread/INFO]: Created: 1024x1024x4 minecraft:textures/atlas/blocks.png-atlas
[22:57:13] [Render thread/INFO]: Created: 256x128x4 minecraft:textures/atlas/signs.png-atlas
[22:57:13] [Render thread/INFO]: Created: 1024x512x4 minecraft:textures/atlas/banner_patterns.png-atlas
[22:57:13] [Render thread/INFO]: Created: 1024x512x4 minecraft:textures/atlas/shield_patterns.png-atlas
[22:57:14] [Render thread/INFO]: Created: 256x256x4 minecraft:textures/atlas/chest.png-atlas
[22:57:14] [Render thread/INFO]: Created: 512x256x4 minecraft:textures/atlas/beds.png-atlas
[22:57:14] [Render thread/INFO]: Created: 512x256x4 minecraft:textures/atlas/shulker_boxes.png-atlas
[22:57:18] [Render thread/INFO]: Created: 256x256x0 minecraft:textures/atlas/particles.png-atlas
[22:57:19] [Render thread/INFO]: Created: 256x256x0 minecraft:textures/atlas/paintings.png-atlas
[22:57:19] [Render thread/INFO]: Created: 256x128x0 minecraft:textures/atlas/mob_effects.png-atlas
[22:57:20] [Render thread/INFO]: Stopping!
